aegis: /bin/sh /home/rks/Minsky.1.2.1.C021/test/00/t0009a.sh 
testing resultset......passed
testset chaining.......passed
random test chaining....\-/|\-/|\-/|\-/|\-/|\-/|\-/|\-/|\-/|\-/|\-/|\-/|\-/|\-/|\-/|\-/|\-/|\-/|\-/|\-/|\-/|\-/|\-/|\-/|\-/|\-/|\-/|\-/|\-/|\-/|\-/|\-/|\-/|\-/|\-/|\-/|\-/|\-/|\-/|\-/|\-/|\-/|\-/|\-/|\-/|\-/|\-/|\-/|\-/|\-/|\-/|\-/|\-/|\-/|\-/|\-/|\-/|\-/|\-/|\-/|\-/|\-/|\-/|\-/|\-/|\-/|\-/|\-/|\-/|\-/|\-/|\-/|\-/|\-/|\-/|\-/|\-/|\-/|\-/|\-/|\-/|\-/|\-/|\-/|\-/|\-/|\-/|\-/|\-/|\-/|\-/|\-/|\-/|\-/|\-/|\-/|\-/|\-/|\-/|\-/|\-/|\-/|\-/|\-/|\-/|\-/|\-/|\-/|\-/|\-/|\-/|\-/|\-/|\-/|\-/|\-/|\-/|\-/|\-/|\-/|\-/|\-/|\-/|\-/|\-/|\-/|\-/|\-/|\-/|\-/|\-/|\-/|\-/|\-/|\-/|\-/|\-/|\-/|\-/|\-/|\-/|\-/|\-/|\-/|\-/|\-/|\-/|\-/|\-/|\-/|\-/|\-/|\-/|\-/|\-/|\-/|\-/|\-/|\-/|\-/|\-/|\-/|\-/|\-/|\-/|\-/|\-/|\-/|\-/|\-/|\-/|\-/|\-/|\-/|\-/|\-/|\-/|\-/|\-/|\-/|\-/|\-/|\-/|\-/|\-/|\-/|\-/|\-/|\-/|\-/|\-/|\-/|\-/|\-/|\-/|\-/|\-/|\-/|\-/|\-/|\-/|\-/|\-/|\-/|\-/|\-/|\-/|\-/|\-/|\-/|\-/|\-/|\-/|\-/|\-/|\-/|\-/|\-/|\-/|\-/|\-/|\-/|\-/|\-/|\-/|\-/|\-/|\-/|\-/|\-/|\-/|\-/|\-/|\-/|\-/|\-/|\-/|\-/|\-/|\-/|\-/|\-/|\-/|\-/|\-/|\-/|\-/|\-/|\-/|\-/|passed
PASSED
aegis: project "Minsky.1.2.1": change 21: test "test/00/t0009a.sh" passed
aegis: project "Minsky.1.2.1": change 21: passed 1 test
aegis: /bin/sh /home/aegis/Minsky/branch.1/baseline/test/00/t0001a.sh 
Success: 12 tests passed.
Test time: 0.05 seconds.
aegis: project "Minsky.1.2.1": change 21: test "test/00/t0001a.sh" passed
aegis: /bin/sh /home/aegis/Minsky/branch.1/baseline/test/00/t0002a.sh 
Files /home/rks/Minsky.1.2.1.C021/examples/1Free.mky and tmp differ
/home/rks/Minsky.1.2.1.C021/examples/1Free.mky mutates
Files /home/rks/Minsky.1.2.1.C021/examples/4MonetaryMinskyModelLessUnstableStart.mky and tmp differ
/home/rks/Minsky.1.2.1.C021/examples/4MonetaryMinskyModelLessUnstableStart.mky mutates
Files /home/rks/Minsky.1.2.1.C021/examples/exponentialGrowth.mky and tmp differ
/home/rks/Minsky.1.2.1.C021/examples/exponentialGrowth.mky mutates
Files /home/rks/Minsky.1.2.1.C021/examples/exponentialGrowthWithExtraLabel.mky and tmp differ
/home/rks/Minsky.1.2.1.C021/examples/exponentialGrowthWithExtraLabel.mky mutates
Files /home/rks/Minsky.1.2.1.C021/examples/GoodwinLinear02.mky and tmp differ
/home/rks/Minsky.1.2.1.C021/examples/GoodwinLinear02.mky mutates
Files /home/rks/Minsky.1.2.1.C021/examples/GoodwinLinear.mky and tmp differ
/home/rks/Minsky.1.2.1.C021/examples/GoodwinLinear.mky mutates
Files /home/rks/Minsky.1.2.1.C021/examples/Steve.mky and tmp differ
/home/rks/Minsky.1.2.1.C021/examples/Steve.mky mutates
Files /home/rks/Minsky.1.2.1.C021/examples/SteveTest028.mky and tmp differ
/home/rks/Minsky.1.2.1.C021/examples/SteveTest028.mky mutates
Files /home/rks/Minsky.1.2.1.C021/examples/UWS05.mky and tmp differ
/home/rks/Minsky.1.2.1.C021/examples/UWS05.mky mutates
aegis: project "Minsky.1.2.1": change 21: test "test/00/t0002a.sh" failed
aegis: /bin/sh /home/aegis/Minsky/branch.1/baseline/test/00/t0003a.sh 
PASSED
aegis: project "Minsky.1.2.1": change 21: test "test/00/t0003a.sh" passed
aegis: /bin/sh /home/aegis/Minsky/branch.1/baseline/test/00/t0004a.sh 
assertion: [winfo viewable .wiring.context] failed: foobar
FAILED
aegis: project "Minsky.1.2.1": change 21: test "test/00/t0004a.sh" failed
aegis: /bin/sh /home/aegis/Minsky/branch.1/baseline/test/00/t0005a.sh 
PASSED
aegis: project "Minsky.1.2.1": change 21: test "test/00/t0005a.sh" passed
aegis: /bin/sh /home/aegis/Minsky/branch.1/branch.2/baseline/test/00/t0006a.sh 
PASSED
aegis: project "Minsky.1.2.1": change 21: test "test/00/t0006a.sh" passed
aegis: /bin/sh /home/aegis/Minsky/branch.1/branch.2/baseline/test/00/t0007a.sh 
/home/rks/Minsky.1.2.1.C021/minsky.xsd validates
/home/rks/Minsky.1.2.1.C021/examples/1Free.mky:1: element Minsky: Schemas validity error : Element '{http://minsky.sf.net/minsky}Minsky': Missing child element(s). Expected is ( {http://minsky.sf.net/minsky}zoomFactor ).
/home/rks/Minsky.1.2.1.C021/examples/1Free.mky fails to validate
FAILED
aegis: project "Minsky.1.2.1": change 21: test "test/00/t0007a.sh" failed
aegis: /bin/sh /home/aegis/Minsky/branch.1/branch.2/baseline/test/00/t0008a.sh 
Files /home/rks/Minsky.1.2.1.C021/examples/1Free.mky and /tmp/22917/tmp1.mky differ
old schema file 1Free.mky failed to convert
FAILED
aegis: project "Minsky.1.2.1": change 21: test "test/00/t0008a.sh" failed
aegis: project "Minsky.1.2.1": change 21: passed 4 tests
aegis: project "Minsky.1.2.1": change 21: failed 4 tests
